c:\users\asus\downloads\year 3 tri 1\csd3401 game 300\gam300\project\x64\release\scripting.pdb
c:\users\asus\downloads\year 3 tri 1\csd3401 game 300\gam300\project\scripting\x64\release\lopcodes.obj
c:\users\asus\downloads\year 3 tri 1\csd3401 game 300\gam300\project\scripting\x64\release\lobject.obj
c:\users\asus\downloads\year 3 tri 1\csd3401 game 300\gam300\project\scripting\x64\release\loadlib.obj
c:\users\asus\downloads\year 3 tri 1\csd3401 game 300\gam300\project\scripting\x64\release\lmem.obj
c:\users\asus\downloads\year 3 tri 1\csd3401 game 300\gam300\project\scripting\x64\release\lmathlib.obj
c:\users\asus\downloads\year 3 tri 1\csd3401 game 300\gam300\project\scripting\x64\release\llex.obj
c:\users\asus\downloads\year 3 tri 1\csd3401 game 300\gam300\project\scripting\x64\release\liolib.obj
c:\users\asus\downloads\year 3 tri 1\csd3401 game 300\gam300\project\scripting\x64\release\linit.obj
c:\users\asus\downloads\year 3 tri 1\csd3401 game 300\gam300\project\scripting\x64\release\lgc.obj
c:\users\asus\downloads\year 3 tri 1\csd3401 game 300\gam300\project\scripting\x64\release\lfunc.obj
c:\users\asus\downloads\year 3 tri 1\csd3401 game 300\gam300\project\scripting\x64\release\ldump.obj
c:\users\asus\downloads\year 3 tri 1\csd3401 game 300\gam300\project\scripting\x64\release\ldo.obj
c:\users\asus\downloads\year 3 tri 1\csd3401 game 300\gam300\project\scripting\x64\release\ldebug.obj
c:\users\asus\downloads\year 3 tri 1\csd3401 game 300\gam300\project\scripting\x64\release\ldblib.obj
c:\users\asus\downloads\year 3 tri 1\csd3401 game 300\gam300\project\scripting\x64\release\lctype.obj
c:\users\asus\downloads\year 3 tri 1\csd3401 game 300\gam300\project\scripting\x64\release\lcorolib.obj
c:\users\asus\downloads\year 3 tri 1\csd3401 game 300\gam300\project\scripting\x64\release\lcode.obj
c:\users\asus\downloads\year 3 tri 1\csd3401 game 300\gam300\project\scripting\x64\release\lbaselib.obj
c:\users\asus\downloads\year 3 tri 1\csd3401 game 300\gam300\project\scripting\x64\release\lauxlib.obj
c:\users\asus\downloads\year 3 tri 1\csd3401 game 300\gam300\project\scripting\x64\release\lapi.obj
c:\users\asus\downloads\year 3 tri 1\csd3401 game 300\gam300\project\scripting\x64\release\lzio.obj
c:\users\asus\downloads\year 3 tri 1\csd3401 game 300\gam300\project\scripting\x64\release\lvm.obj
c:\users\asus\downloads\year 3 tri 1\csd3401 game 300\gam300\project\scripting\x64\release\lutf8lib.obj
c:\users\asus\downloads\year 3 tri 1\csd3401 game 300\gam300\project\scripting\x64\release\lundump.obj
c:\users\asus\downloads\year 3 tri 1\csd3401 game 300\gam300\project\scripting\x64\release\luac.obj
c:\users\asus\downloads\year 3 tri 1\csd3401 game 300\gam300\project\scripting\x64\release\lua.obj
c:\users\asus\downloads\year 3 tri 1\csd3401 game 300\gam300\project\scripting\x64\release\ltm.obj
c:\users\asus\downloads\year 3 tri 1\csd3401 game 300\gam300\project\scripting\x64\release\ltablib.obj
c:\users\asus\downloads\year 3 tri 1\csd3401 game 300\gam300\project\scripting\x64\release\ltable.obj
c:\users\asus\downloads\year 3 tri 1\csd3401 game 300\gam300\project\scripting\x64\release\lstrlib.obj
c:\users\asus\downloads\year 3 tri 1\csd3401 game 300\gam300\project\scripting\x64\release\lstring.obj
c:\users\asus\downloads\year 3 tri 1\csd3401 game 300\gam300\project\scripting\x64\release\lstate.obj
c:\users\asus\downloads\year 3 tri 1\csd3401 game 300\gam300\project\scripting\x64\release\lparser.obj
c:\users\asus\downloads\year 3 tri 1\csd3401 game 300\gam300\project\scripting\x64\release\loslib.obj
c:\users\asus\downloads\year 3 tri 1\csd3401 game 300\gam300\project\scripting\x64\release\hotload.obj
c:\users\asus\downloads\year 3 tri 1\csd3401 game 300\gam300\project\x64\release\scripting.lib
c:\users\asus\downloads\year 3 tri 1\csd3401 game 300\gam300\project\scripting\x64\release\scripting.tlog\cl.command.1.tlog
c:\users\asus\downloads\year 3 tri 1\csd3401 game 300\gam300\project\scripting\x64\release\scripting.tlog\cl.items.tlog
c:\users\asus\downloads\year 3 tri 1\csd3401 game 300\gam300\project\scripting\x64\release\scripting.tlog\cl.read.1.tlog
c:\users\asus\downloads\year 3 tri 1\csd3401 game 300\gam300\project\scripting\x64\release\scripting.tlog\cl.write.1.tlog
c:\users\asus\downloads\year 3 tri 1\csd3401 game 300\gam300\project\scripting\x64\release\scripting.tlog\lib-link.read.1.tlog
c:\users\asus\downloads\year 3 tri 1\csd3401 game 300\gam300\project\scripting\x64\release\scripting.tlog\lib-link.write.1.tlog
c:\users\asus\downloads\year 3 tri 1\csd3401 game 300\gam300\project\scripting\x64\release\scripting.tlog\lib.command.1.tlog
