  The vcpkg manifest was disabled, but we found a manifest file in C:\Users\ASUS\Downloads\Year 3 Tri 1\CSD3401 Game 300\GAM300\Project\. You may want to enable vcpkg manifests in your properties page or pass /p:VcpkgEnableManifest=true to the msbuild invocation.
  lapi.c
  lauxlib.c
  lbaselib.c
  lcode.c
  lcorolib.c
  lctype.c
  ldblib.c
  ldebug.c
  ldo.c
  ldump.c
  lfunc.c
  lgc.c
  linit.c
  liolib.c
  llex.c
  lmathlib.c
  lmem.c
  loadlib.c
  lobject.c
  lopcodes.c
  Generating Code...
  Compiling...
  loslib.c
  lparser.c
  lstate.c
  lstring.c
  lstrlib.c
  ltable.c
  ltablib.c
  ltm.c
  lua.c
  luac.c
  lundump.c
  lutf8lib.c
  lvm.c
  lzio.c
  Generating Code...
  CoroutineScheduler.cpp
  HotReloadManager.cpp
  ModuleLoader.cpp
  RemoteDebug.cpp
  ScriptComponent.cpp
  ScriptError.cpp
  ScriptFileSystem_android.cpp
  ScriptFileSystem_default.cpp
  ScriptFileSystem_win.cpp
  Scripting.cpp
  ScriptingRuntime.cpp
  ScriptInspector.cpp
  ScriptProfiler.cpp
  ScriptRegistry.cpp
  ScriptSerializer.cpp
  ScriptUtils.cpp
  StatePreserver.cpp
  Generating Code...
lua.obj : warning LNK4006: main already defined in luac.obj; second definition ignored
  Scripting.vcxproj -> C:\Users\ASUS\Downloads\Year 3 Tri 1\CSD3401 Game 300\GAM300\Project\Build\EditorDebug\Scripting.lib
