c:\users\asus\downloads\year 3 tri 1\csd3401 game 300\gam300\project\build\editordebug\scripting.pdb
c:\users\asus\downloads\year 3 tri 1\csd3401 game 300\gam300\project\build\editordebug\scripting.idb
c:\users\asus\downloads\year 3 tri 1\csd3401 game 300\gam300\project\scripting\x64\editordebug\lopcodes.obj
c:\users\asus\downloads\year 3 tri 1\csd3401 game 300\gam300\project\scripting\x64\editordebug\lobject.obj
c:\users\asus\downloads\year 3 tri 1\csd3401 game 300\gam300\project\scripting\x64\editordebug\loadlib.obj
c:\users\asus\downloads\year 3 tri 1\csd3401 game 300\gam300\project\scripting\x64\editordebug\lmem.obj
c:\users\asus\downloads\year 3 tri 1\csd3401 game 300\gam300\project\scripting\x64\editordebug\lmathlib.obj
c:\users\asus\downloads\year 3 tri 1\csd3401 game 300\gam300\project\scripting\x64\editordebug\llex.obj
c:\users\asus\downloads\year 3 tri 1\csd3401 game 300\gam300\project\scripting\x64\editordebug\liolib.obj
c:\users\asus\downloads\year 3 tri 1\csd3401 game 300\gam300\project\scripting\x64\editordebug\linit.obj
c:\users\asus\downloads\year 3 tri 1\csd3401 game 300\gam300\project\scripting\x64\editordebug\lgc.obj
c:\users\asus\downloads\year 3 tri 1\csd3401 game 300\gam300\project\scripting\x64\editordebug\lfunc.obj
c:\users\asus\downloads\year 3 tri 1\csd3401 game 300\gam300\project\scripting\x64\editordebug\ldump.obj
c:\users\asus\downloads\year 3 tri 1\csd3401 game 300\gam300\project\scripting\x64\editordebug\ldo.obj
c:\users\asus\downloads\year 3 tri 1\csd3401 game 300\gam300\project\scripting\x64\editordebug\ldebug.obj
c:\users\asus\downloads\year 3 tri 1\csd3401 game 300\gam300\project\scripting\x64\editordebug\ldblib.obj
c:\users\asus\downloads\year 3 tri 1\csd3401 game 300\gam300\project\scripting\x64\editordebug\lctype.obj
c:\users\asus\downloads\year 3 tri 1\csd3401 game 300\gam300\project\scripting\x64\editordebug\lcorolib.obj
c:\users\asus\downloads\year 3 tri 1\csd3401 game 300\gam300\project\scripting\x64\editordebug\lcode.obj
c:\users\asus\downloads\year 3 tri 1\csd3401 game 300\gam300\project\scripting\x64\editordebug\lbaselib.obj
c:\users\asus\downloads\year 3 tri 1\csd3401 game 300\gam300\project\scripting\x64\editordebug\lauxlib.obj
c:\users\asus\downloads\year 3 tri 1\csd3401 game 300\gam300\project\scripting\x64\editordebug\lapi.obj
c:\users\asus\downloads\year 3 tri 1\csd3401 game 300\gam300\project\scripting\x64\editordebug\lzio.obj
c:\users\asus\downloads\year 3 tri 1\csd3401 game 300\gam300\project\scripting\x64\editordebug\lvm.obj
c:\users\asus\downloads\year 3 tri 1\csd3401 game 300\gam300\project\scripting\x64\editordebug\lutf8lib.obj
c:\users\asus\downloads\year 3 tri 1\csd3401 game 300\gam300\project\scripting\x64\editordebug\lundump.obj
c:\users\asus\downloads\year 3 tri 1\csd3401 game 300\gam300\project\scripting\x64\editordebug\luac.obj
c:\users\asus\downloads\year 3 tri 1\csd3401 game 300\gam300\project\scripting\x64\editordebug\lua.obj
c:\users\asus\downloads\year 3 tri 1\csd3401 game 300\gam300\project\scripting\x64\editordebug\ltm.obj
c:\users\asus\downloads\year 3 tri 1\csd3401 game 300\gam300\project\scripting\x64\editordebug\ltablib.obj
c:\users\asus\downloads\year 3 tri 1\csd3401 game 300\gam300\project\scripting\x64\editordebug\ltable.obj
c:\users\asus\downloads\year 3 tri 1\csd3401 game 300\gam300\project\scripting\x64\editordebug\lstrlib.obj
c:\users\asus\downloads\year 3 tri 1\csd3401 game 300\gam300\project\scripting\x64\editordebug\lstring.obj
c:\users\asus\downloads\year 3 tri 1\csd3401 game 300\gam300\project\scripting\x64\editordebug\lstate.obj
c:\users\asus\downloads\year 3 tri 1\csd3401 game 300\gam300\project\scripting\x64\editordebug\lparser.obj
c:\users\asus\downloads\year 3 tri 1\csd3401 game 300\gam300\project\scripting\x64\editordebug\loslib.obj
c:\users\asus\downloads\year 3 tri 1\csd3401 game 300\gam300\project\scripting\x64\editordebug\statepreserver.obj
c:\users\asus\downloads\year 3 tri 1\csd3401 game 300\gam300\project\scripting\x64\editordebug\scriptutils.obj
c:\users\asus\downloads\year 3 tri 1\csd3401 game 300\gam300\project\scripting\x64\editordebug\scriptserializer.obj
c:\users\asus\downloads\year 3 tri 1\csd3401 game 300\gam300\project\scripting\x64\editordebug\scriptregistry.obj
c:\users\asus\downloads\year 3 tri 1\csd3401 game 300\gam300\project\scripting\x64\editordebug\scriptprofiler.obj
c:\users\asus\downloads\year 3 tri 1\csd3401 game 300\gam300\project\scripting\x64\editordebug\scriptinspector.obj
c:\users\asus\downloads\year 3 tri 1\csd3401 game 300\gam300\project\scripting\x64\editordebug\scriptingruntime.obj
c:\users\asus\downloads\year 3 tri 1\csd3401 game 300\gam300\project\scripting\x64\editordebug\scripting.obj
c:\users\asus\downloads\year 3 tri 1\csd3401 game 300\gam300\project\scripting\x64\editordebug\scriptfilesystem_win.obj
c:\users\asus\downloads\year 3 tri 1\csd3401 game 300\gam300\project\scripting\x64\editordebug\scriptfilesystem_default.obj
c:\users\asus\downloads\year 3 tri 1\csd3401 game 300\gam300\project\scripting\x64\editordebug\scriptfilesystem_android.obj
c:\users\asus\downloads\year 3 tri 1\csd3401 game 300\gam300\project\scripting\x64\editordebug\scripterror.obj
c:\users\asus\downloads\year 3 tri 1\csd3401 game 300\gam300\project\scripting\x64\editordebug\scriptcomponent.obj
c:\users\asus\downloads\year 3 tri 1\csd3401 game 300\gam300\project\scripting\x64\editordebug\remotedebug.obj
c:\users\asus\downloads\year 3 tri 1\csd3401 game 300\gam300\project\scripting\x64\editordebug\moduleloader.obj
c:\users\asus\downloads\year 3 tri 1\csd3401 game 300\gam300\project\scripting\x64\editordebug\hotreloadmanager.obj
c:\users\asus\downloads\year 3 tri 1\csd3401 game 300\gam300\project\scripting\x64\editordebug\coroutinescheduler.obj
c:\users\asus\downloads\year 3 tri 1\csd3401 game 300\gam300\project\build\editordebug\scripting.lib
c:\users\asus\downloads\year 3 tri 1\csd3401 game 300\gam300\project\scripting\x64\editordebug\scripting.tlog\cl.command.1.tlog
c:\users\asus\downloads\year 3 tri 1\csd3401 game 300\gam300\project\scripting\x64\editordebug\scripting.tlog\cl.items.tlog
c:\users\asus\downloads\year 3 tri 1\csd3401 game 300\gam300\project\scripting\x64\editordebug\scripting.tlog\cl.read.1.tlog
c:\users\asus\downloads\year 3 tri 1\csd3401 game 300\gam300\project\scripting\x64\editordebug\scripting.tlog\cl.write.1.tlog
c:\users\asus\downloads\year 3 tri 1\csd3401 game 300\gam300\project\scripting\x64\editordebug\scripting.tlog\lib-link.read.1.tlog
c:\users\asus\downloads\year 3 tri 1\csd3401 game 300\gam300\project\scripting\x64\editordebug\scripting.tlog\lib-link.write.1.tlog
c:\users\asus\downloads\year 3 tri 1\csd3401 game 300\gam300\project\scripting\x64\editordebug\scripting.tlog\lib.command.1.tlog
