c:\users\admin\desktop\gam300\project\build\editorrelease\scripting.pdb
c:\users\admin\desktop\gam300\project\scripting\x64\editorrelease\lopcodes.obj
c:\users\admin\desktop\gam300\project\scripting\x64\editorrelease\lobject.obj
c:\users\admin\desktop\gam300\project\scripting\x64\editorrelease\loadlib.obj
c:\users\admin\desktop\gam300\project\scripting\x64\editorrelease\lmem.obj
c:\users\admin\desktop\gam300\project\scripting\x64\editorrelease\lmathlib.obj
c:\users\admin\desktop\gam300\project\scripting\x64\editorrelease\llex.obj
c:\users\admin\desktop\gam300\project\scripting\x64\editorrelease\liolib.obj
c:\users\admin\desktop\gam300\project\scripting\x64\editorrelease\linit.obj
c:\users\admin\desktop\gam300\project\scripting\x64\editorrelease\lgc.obj
c:\users\admin\desktop\gam300\project\scripting\x64\editorrelease\lfunc.obj
c:\users\admin\desktop\gam300\project\scripting\x64\editorrelease\ldump.obj
c:\users\admin\desktop\gam300\project\scripting\x64\editorrelease\ldo.obj
c:\users\admin\desktop\gam300\project\scripting\x64\editorrelease\ldebug.obj
c:\users\admin\desktop\gam300\project\scripting\x64\editorrelease\ldblib.obj
c:\users\admin\desktop\gam300\project\scripting\x64\editorrelease\lctype.obj
c:\users\admin\desktop\gam300\project\scripting\x64\editorrelease\lcorolib.obj
c:\users\admin\desktop\gam300\project\scripting\x64\editorrelease\lcode.obj
c:\users\admin\desktop\gam300\project\scripting\x64\editorrelease\lbaselib.obj
c:\users\admin\desktop\gam300\project\scripting\x64\editorrelease\lauxlib.obj
c:\users\admin\desktop\gam300\project\scripting\x64\editorrelease\lapi.obj
c:\users\admin\desktop\gam300\project\scripting\x64\editorrelease\lzio.obj
c:\users\admin\desktop\gam300\project\scripting\x64\editorrelease\lvm.obj
c:\users\admin\desktop\gam300\project\scripting\x64\editorrelease\lutf8lib.obj
c:\users\admin\desktop\gam300\project\scripting\x64\editorrelease\lundump.obj
c:\users\admin\desktop\gam300\project\scripting\x64\editorrelease\luac.obj
c:\users\admin\desktop\gam300\project\scripting\x64\editorrelease\lua.obj
c:\users\admin\desktop\gam300\project\scripting\x64\editorrelease\ltm.obj
c:\users\admin\desktop\gam300\project\scripting\x64\editorrelease\ltablib.obj
c:\users\admin\desktop\gam300\project\scripting\x64\editorrelease\ltable.obj
c:\users\admin\desktop\gam300\project\scripting\x64\editorrelease\lstrlib.obj
c:\users\admin\desktop\gam300\project\scripting\x64\editorrelease\lstring.obj
c:\users\admin\desktop\gam300\project\scripting\x64\editorrelease\lstate.obj
c:\users\admin\desktop\gam300\project\scripting\x64\editorrelease\lparser.obj
c:\users\admin\desktop\gam300\project\scripting\x64\editorrelease\loslib.obj
c:\users\admin\desktop\gam300\project\scripting\x64\editorrelease\statepreserver.obj
c:\users\admin\desktop\gam300\project\scripting\x64\editorrelease\scriptutils.obj
c:\users\admin\desktop\gam300\project\scripting\x64\editorrelease\scriptserializer.obj
c:\users\admin\desktop\gam300\project\scripting\x64\editorrelease\scriptregistry.obj
c:\users\admin\desktop\gam300\project\scripting\x64\editorrelease\scriptprofiler.obj
c:\users\admin\desktop\gam300\project\scripting\x64\editorrelease\scriptinspector.obj
c:\users\admin\desktop\gam300\project\scripting\x64\editorrelease\scriptingruntime.obj
c:\users\admin\desktop\gam300\project\scripting\x64\editorrelease\scripting.obj
c:\users\admin\desktop\gam300\project\scripting\x64\editorrelease\scriptfilesystem_win.obj
c:\users\admin\desktop\gam300\project\scripting\x64\editorrelease\scriptfilesystem_default.obj
c:\users\admin\desktop\gam300\project\scripting\x64\editorrelease\scriptfilesystem_android.obj
c:\users\admin\desktop\gam300\project\scripting\x64\editorrelease\scripterror.obj
c:\users\admin\desktop\gam300\project\scripting\x64\editorrelease\scriptcomponent.obj
c:\users\admin\desktop\gam300\project\scripting\x64\editorrelease\remotedebug.obj
c:\users\admin\desktop\gam300\project\scripting\x64\editorrelease\moduleloader.obj
c:\users\admin\desktop\gam300\project\scripting\x64\editorrelease\hotreloadmanager.obj
c:\users\admin\desktop\gam300\project\scripting\x64\editorrelease\coroutinescheduler.obj
c:\users\admin\desktop\gam300\project\build\editorrelease\scripting.lib
c:\users\admin\desktop\gam300\project\scripting\x64\editorrelease\scripting.tlog\cl.command.1.tlog
c:\users\admin\desktop\gam300\project\scripting\x64\editorrelease\scripting.tlog\cl.items.tlog
c:\users\admin\desktop\gam300\project\scripting\x64\editorrelease\scripting.tlog\cl.read.1.tlog
c:\users\admin\desktop\gam300\project\scripting\x64\editorrelease\scripting.tlog\cl.write.1.tlog
c:\users\admin\desktop\gam300\project\scripting\x64\editorrelease\scripting.tlog\lib-link.read.1.tlog
c:\users\admin\desktop\gam300\project\scripting\x64\editorrelease\scripting.tlog\lib-link.write.1.tlog
c:\users\admin\desktop\gam300\project\scripting\x64\editorrelease\scripting.tlog\lib.command.1.tlog
