  The vcpkg manifest was disabled, but we found a manifest file in D:\Woon Li\Documents\University\Year 3\GAM300\Project\. You may want to enable vcpkg manifests in your properties page or pass /p:VcpkgEnableManifest=true to the msbuild invocation.
  lapi.c
  lauxlib.c
  lbaselib.c
  lcode.c
  lcorolib.c
  lctype.c
  ldblib.c
  ldebug.c
  ldo.c
  ldump.c
  lfunc.c
  lgc.c
  linit.c
  liolib.c
  llex.c
  lmathlib.c
  lmem.c
  loadlib.c
  lobject.c
  lopcodes.c
  Generating Code...
  Compiling...
  loslib.c
  lparser.c
  lstate.c
  lstring.c
  lstrlib.c
  ltable.c
  ltablib.c
  ltm.c
  lua.c
  luac.c
  lundump.c
  lutf8lib.c
  lvm.c
  lzio.c
  Generating Code...
  CoroutineScheduler.cpp
D:\Woon Li\Documents\University\Year 3\GAM300\Project\Scripting\src\CoroutineScheduler.cpp(17,10): error C1083: Cannot open include file: 'Logging.hpp': No such file or directory
  HotReloadManager.cpp
D:\Woon Li\Documents\University\Year 3\GAM300\Project\Scripting\src\HotReloadManager.cpp(17,10): error C1083: Cannot open include file: 'Logging.hpp': No such file or directory
  ModuleLoader.cpp
D:\Woon Li\Documents\University\Year 3\GAM300\Project\Scripting\src\ModuleLoader.cpp(3,10): error C1083: Cannot open include file: 'Logging.hpp': No such file or directory
  RemoteDebug.cpp
  ScriptComponent.cpp
D:\Woon Li\Documents\University\Year 3\GAM300\Project\Scripting\src\ScriptComponent.cpp(4,10): error C1083: Cannot open include file: 'Logging.hpp': No such file or directory
  ScriptError.cpp
D:\Woon Li\Documents\University\Year 3\GAM300\Project\Scripting\src\ScriptError.cpp(13,10): error C1083: Cannot open include file: 'Logging.hpp': No such file or directory
  ScriptFileSystem_android.cpp
  ScriptFileSystem_default.cpp
D:\Woon Li\Documents\University\Year 3\GAM300\Project\Scripting\src\ScriptFileSystem_default.cpp(7,10): error C1083: Cannot open include file: 'Logging.hpp': No such file or directory
  ScriptFileSystem_win.cpp
D:\Woon Li\Documents\University\Year 3\GAM300\Project\Scripting\src\ScriptFileSystem_win.cpp(18,10): error C1083: Cannot open include file: 'Logging.hpp': No such file or directory
  Scripting.cpp
D:\Woon Li\Documents\University\Year 3\GAM300\Project\Scripting\src\Scripting.cpp(9,10): error C1083: Cannot open include file: 'Logging.hpp': No such file or directory
  ScriptingRuntime.cpp
D:\Woon Li\Documents\University\Year 3\GAM300\Project\Scripting\src\ScriptingRuntime.cpp(5,10): error C1083: Cannot open include file: 'Logging.hpp': No such file or directory
  ScriptInspector.cpp
D:\Woon Li\Documents\University\Year 3\GAM300\Project\Scripting\src\ScriptInspector.cpp(4,10): error C1083: Cannot open include file: 'Logging.hpp': No such file or directory
  ScriptProfiler.cpp
  ScriptRegistry.cpp
  ScriptSerializer.cpp
D:\Woon Li\Documents\University\Year 3\GAM300\Project\Scripting\src\ScriptSerializer.cpp(3,10): error C1083: Cannot open include file: 'Logging.hpp': No such file or directory
  ScriptUtils.cpp
  StatePreserver.cpp
D:\Woon Li\Documents\University\Year 3\GAM300\Project\Scripting\src\StatePreserver.cpp(4,10): error C1083: Cannot open include file: 'Logging.hpp': No such file or directory
  Generating Code...
